2023-08-22 14:35:21,898 [main] INFO       com.springloggingexample.SpringLoggingExampleApplication               - Starting SpringLoggingExampleApplication using Java 1.8.0_202 on DESKTOP-REQ719H with PID 14080 (C:\spring-logging-example\spring-logging-example\spring-logging-example\target\classes started by admin in C:\spring-logging-example\spring-logging-example\spring-logging-example) 
2023-08-22 14:35:21,919 [main] INFO       com.springloggingexample.SpringLoggingExampleApplication               - No active profile set, falling back to 1 default profile: "default" 
2023-08-22 14:35:23,838 [main] INFO       org.springframework.boot.web.embedded.tomcat.TomcatWebServer           - Tomcat initialized with port(s): 8080 (http) 
2023-08-22 14:35:23,867 [main] INFO       org.apache.coyote.http11.Http11NioProtocol                             - Initializing ProtocolHandler ["http-nio-8080"] 
2023-08-22 14:35:23,875 [main] INFO       org.apache.catalina.core.StandardService                               - Starting service [Tomcat] 
2023-08-22 14:35:23,876 [main] INFO       org.apache.catalina.core.StandardEngine                                - Starting Servlet engine: [Apache Tomcat/9.0.78] 
2023-08-22 14:35:24,132 [main] INFO       org.apache.catalina.core.ContainerBase.[Tomcat].[localhost].[/]        - Initializing Spring embedded WebApplicationContext 
2023-08-22 14:35:24,132 [main] INFO       org.springframework.boot.web.servlet.context.ServletWebServerApplicationContext - Root WebApplicationContext: initialization completed in 2032 ms 
2023-08-22 14:35:24,711 [main] INFO       org.apache.coyote.http11.Http11NioProtocol                             - Starting ProtocolHandler ["http-nio-8080"] 
2023-08-22 14:35:24,745 [main] INFO       org.springframework.boot.web.embedded.tomcat.TomcatWebServer           - Tomcat started on port(s): 8080 (http) with context path '' 
2023-08-22 14:35:24,754 [main] INFO       com.springloggingexample.SpringLoggingExampleApplication               - Started SpringLoggingExampleApplication in 3.436 seconds (JVM running for 4.785) 
2023-08-22 14:40:48,252 [main] INFO       com.springloggingexample.SpringLoggingExampleApplication               - Starting SpringLoggingExampleApplication using Java 1.8.0_202 on DESKTOP-REQ719H with PID 20208 (C:\spring-logging-example\spring-logging-example\spring-logging-example\target\classes started by admin in C:\spring-logging-example\spring-logging-example\spring-logging-example) 
2023-08-22 14:40:48,276 [main] INFO       com.springloggingexample.SpringLoggingExampleApplication               - No active profile set, falling back to 1 default profile: "default" 
2023-08-22 14:40:50,344 [main] INFO       org.springframework.boot.web.embedded.tomcat.TomcatWebServer           - Tomcat initialized with port(s): 8080 (http) 
2023-08-22 14:40:50,365 [main] INFO       org.apache.coyote.http11.Http11NioProtocol                             - Initializing ProtocolHandler ["http-nio-8080"] 
2023-08-22 14:40:50,370 [main] INFO       org.apache.catalina.core.StandardService                               - Starting service [Tomcat] 
2023-08-22 14:40:50,370 [main] INFO       org.apache.catalina.core.StandardEngine                                - Starting Servlet engine: [Apache Tomcat/9.0.78] 
2023-08-22 14:40:50,602 [main] INFO       org.apache.catalina.core.ContainerBase.[Tomcat].[localhost].[/]        - Initializing Spring embedded WebApplicationContext 
2023-08-22 14:40:50,602 [main] INFO       org.springframework.boot.web.servlet.context.ServletWebServerApplicationContext - Root WebApplicationContext: initialization completed in 2192 ms 
2023-08-22 14:40:51,170 [main] INFO       org.apache.coyote.http11.Http11NioProtocol                             - Starting ProtocolHandler ["http-nio-8080"] 
2023-08-22 14:40:51,204 [main] INFO       org.springframework.boot.web.embedded.tomcat.TomcatWebServer           - Tomcat started on port(s): 8080 (http) with context path '' 
2023-08-22 14:40:51,224 [main] INFO       com.springloggingexample.SpringLoggingExampleApplication               - Started SpringLoggingExampleApplication in 3.619 seconds (JVM running for 5.084) 
2023-08-22 14:41:10,274 [http-nio-8080-exec-2] INFO       org.apache.catalina.core.ContainerBase.[Tomcat].[localhost].[/]        - Initializing Spring DispatcherServlet 'dispatcherServlet' 
2023-08-22 14:41:10,275 [http-nio-8080-exec-2] INFO       org.springframework.web.servlet.DispatcherServlet                      - Initializing Servlet 'dispatcherServlet' 
2023-08-22 14:41:10,277 [http-nio-8080-exec-2] INFO       org.springframework.web.servlet.DispatcherServlet                      - Completed initialization in 2 ms 
2023-08-22 14:41:10,398 [http-nio-8080-exec-2] INFO       com.springloggingexample.controller.WelcomeController                  - REQUEST : AJAY 
2023-08-22 14:41:10,399 [http-nio-8080-exec-2] INFO       com.springloggingexample.controller.WelcomeController                  - RESPONSE : WELCOME AJAY To 3KT 
2023-08-22 14:42:04,832 [http-nio-8080-exec-5] INFO       com.springloggingexample.controller.WelcomeController                  - REQUEST : AJIT 
2023-08-22 14:42:04,832 [http-nio-8080-exec-5] INFO       com.springloggingexample.controller.WelcomeController                  - RESPONSE : WELCOME AJIT To 3KT 
